Using pre-set license
Built from '2020.2/staging' branch; Version is '2020.2.6f1 (8a2143876886) revision 9052483'; Using compiler version '192528614'; Build Type 'Release'
OS: 'Windows 10 Pro; OS build 19045.3324; Version 2009; 64bit' Language: 'en' Physical Memory: 32686 MB
BatchMode: 1, IsHumanControllingUs: 0, StartBugReporterOnCrash: 0, Is64bit: 1, IsPro: 0

 COMMAND LINE ARGUMENTS:
C:\Program Files\Unity\Hub\Editor\2020.2.6f1\Editor\Unity.exe
-adb2
-batchMode
-noUpm
-name
AssetImportWorker0
-projectPath
C:/Users/shaki/Desktop/Classes/Game Programming/GameProgramming-AnimLesson/Animation
-logFile
Logs/AssetImportWorker0.log
-srvPort
56130
Successfully changed project path to: C:/Users/shaki/Desktop/Classes/Game Programming/GameProgramming-AnimLesson/Animation
C:/Users/shaki/Desktop/Classes/Game Programming/GameProgramming-AnimLesson/Animation
Using Asset Import Pipeline V2.
Refreshing native plugins compatible for Editor in 17.87 ms, found 0 plugins.
Preloading 0 native plugins for Editor in 0.00 ms.
Initialize engine version: 2020.2.6f1 (8a2143876886)
[Subsystems] Discovering subsystems at path C:/Program Files/Unity/Hub/Editor/2020.2.6f1/Editor/Data/Resources/UnitySubsystems
[Subsystems] Discovering subsystems at path C:/Users/shaki/Desktop/Classes/Game Programming/GameProgramming-AnimLesson/Animation/Assets
GfxDevice: creating device client; threaded=0
Direct3D:
    Version:  Direct3D 11.0 [level 11.1]
    Renderer: NVIDIA GeForce RTX 2080 Ti (ID=0x1e07)
    Vendor:   
    VRAM:     11041 MB
    Driver:   31.0.15.3713
Initialize mono
Mono path[0] = 'C:/Program Files/Unity/Hub/Editor/2020.2.6f1/Editor/Data/Managed'
Mono path[1] = 'C:/Program Files/Unity/Hub/Editor/2020.2.6f1/Editor/Data/MonoBleedingEdge/lib/mono/unityjit'
Mono config path = 'C:/Program Files/Unity/Hub/Editor/2020.2.6f1/Editor/Data/MonoBleedingEdge/etc'
Using monoOptions --debugger-agent=transport=dt_socket,embedding=1,server=y,suspend=n,address=127.0.0.1:56792
Begin MonoManager ReloadAssembly
Registering precompiled unity dll's ...
Register platform support module: C:/Program Files/Unity/Hub/Editor/2020.2.6f1/Editor/Data/PlaybackEngines/WindowsStandaloneSupport/UnityEditor.WindowsStandalone.Extensions.dll
Registered in 0.002643 seconds.
Native extension for WindowsStandalone target not found
Refreshing native plugins compatible for Editor in 17.49 ms, found 0 plugins.
Preloading 0 native plugins for Editor in 0.00 ms.
Invoked RoslynAnalysisRunner static constructor.
RoslynAnalysisRunner will not be running.
RoslynAnalysisRunner has terminated.
Mono: successfully reloaded assembly
- Completed reload, in  0.914 seconds
Platform modules already initialized, skipping
Registering precompiled user dll's ...
Registered in 0.000661 seconds.
Begin MonoManager ReloadAssembly
Native extension for WindowsStandalone target not found
Refreshing native plugins compatible for Editor in 0.15 ms, found 0 plugins.
Preloading 0 native plugins for Editor in 0.00 ms.
Invoked RoslynAnalysisRunner static constructor.
RoslynAnalysisRunner will not be running.
RoslynAnalysisRunner has terminated.
Mono: successfully reloaded assembly
- Completed reload, in  0.677 seconds
Platform modules already initialized, skipping
========================================================================
Worker process is ready to serve import requests
Launched and connected shader compiler UnityShaderCompiler.exe after 0.04 seconds
Refreshing native plugins compatible for Editor in 0.15 ms, found 0 plugins.
Preloading 0 native plugins for Editor in 0.00 ms.
Unloading 1104 Unused Serialized files (Serialized files now loaded: 0)
System memory in use before: 57.1 MB.
System memory in use after: 57.1 MB.

Unloading 9 unused Assets to reduce memory usage. Loaded Objects now: 1544.
Total: 1.495600 ms (FindLiveObjects: 0.152600 ms CreateObjectMapping: 0.067100 ms MarkObjects: 1.224800 ms  DeleteObjects: 0.050400 ms)

========================================================================
Received Import Request.
  path: Assets/Animations/Santa-Claus/Death-Santa-Animation.png
  artifactKey: Guid(7f94d1838f0b9914f820066c626578c2) Importer(815301076,1909f56bfc062723c751e8b465ee728b)
Start importing Assets/Animations/Santa-Claus/Death-Santa-Animation.png using Guid(7f94d1838f0b9914f820066c626578c2) Importer(815301076,1909f56bfc062723c751e8b465ee728b)  -> (artifact id: '023fb6f1407788696029e6ed1fb2e14e') in 0.135834 seconds
  Import took 0.137574 seconds .

========================================================================
Received Import Request.
  Time since last request: 0.000287 seconds.
  path: Assets/Animations/Santa-Claus/Idle-Santa-Animation.png
  artifactKey: Guid(938da14fbd56ef14abd0976aa3de3698) Importer(815301076,1909f56bfc062723c751e8b465ee728b)
Start importing Assets/Animations/Santa-Claus/Idle-Santa-Animation.png using Guid(938da14fbd56ef14abd0976aa3de3698) Importer(815301076,1909f56bfc062723c751e8b465ee728b)  -> (artifact id: 'd1f45361c8beb4fef0a950df7080af30') in 0.028720 seconds
  Import took 0.030117 seconds .

========================================================================
Received Import Request.
  Time since last request: 0.000273 seconds.
  path: Assets/Animations/Santa-Claus/Jump-Santa-Animation.png
  artifactKey: Guid(e1c61596ad9c7a647b6aee896ee11975) Importer(815301076,1909f56bfc062723c751e8b465ee728b)
Start importing Assets/Animations/Santa-Claus/Jump-Santa-Animation.png using Guid(e1c61596ad9c7a647b6aee896ee11975) Importer(815301076,1909f56bfc062723c751e8b465ee728b)  -> (artifact id: 'd4d1e1232ce27cbf2dc359aabb28e209') in 0.025647 seconds
  Import took 0.026978 seconds .

========================================================================
Received Import Request.
  Time since last request: 0.000302 seconds.
  path: Assets/Animations/Santa-Claus/Walk-Santa-Animation.png
  artifactKey: Guid(e2a2bf8320f0ee241b3c7c8ba1e7e978) Importer(815301076,1909f56bfc062723c751e8b465ee728b)
Start importing Assets/Animations/Santa-Claus/Walk-Santa-Animation.png using Guid(e2a2bf8320f0ee241b3c7c8ba1e7e978) Importer(815301076,1909f56bfc062723c751e8b465ee728b)  -> (artifact id: '9a78c74b2d973478ed848676474775d1') in 0.021695 seconds
  Import took 0.023054 seconds .

========================================================================
Received Import Request.
  Time since last request: 0.000258 seconds.
  path: Assets/Animations/Santa-Claus
  artifactKey: Guid(69c13b05f104da64e9fa62f908390ee1) Importer(815301076,1909f56bfc062723c751e8b465ee728b)
Start importing Assets/Animations/Santa-Claus using Guid(69c13b05f104da64e9fa62f908390ee1) Importer(815301076,1909f56bfc062723c751e8b465ee728b)  -> (artifact id: '76c326801f9e3eb539f1dbad01237eb0') in 0.001522 seconds
  Import took 0.002628 seconds .

========================================================================
Received Import Request.
  Time since last request: 0.000249 seconds.
  path: Assets/Animations
  artifactKey: Guid(a83872953198c5d4884f6412ad2047b6) Importer(815301076,1909f56bfc062723c751e8b465ee728b)
Start importing Assets/Animations using Guid(a83872953198c5d4884f6412ad2047b6) Importer(815301076,1909f56bfc062723c751e8b465ee728b)  -> (artifact id: '18f9897b98d2bf16d496416752a90d2d') in 0.001617 seconds
  Import took 0.002837 seconds .

========================================================================
Received Import Request.
  Time since last request: 38.251639 seconds.
  path: Assets/Scene1.unity
  artifactKey: Guid(cd018a1e330029142b327ec213663d55) Importer(815301076,1909f56bfc062723c751e8b465ee728b)
Start importing Assets/Scene1.unity using Guid(cd018a1e330029142b327ec213663d55) Importer(815301076,1909f56bfc062723c751e8b465ee728b)  -> (artifact id: 'c6595f6145305b610e625a3a59a8df0e') in 0.001995 seconds
  Import took 0.003406 seconds .

========================================================================
Received Import Request.
  Time since last request: 3.624281 seconds.
  path: Assets/Player.cs
  artifactKey: Guid(897d506342189b849a5f074796d8cd2e) Importer(815301076,1909f56bfc062723c751e8b465ee728b)
Start importing Assets/Player.cs using Guid(897d506342189b849a5f074796d8cd2e) Importer(815301076,1909f56bfc062723c751e8b465ee728b)  -> (artifact id: '04a312e157be33b2eab211c0dfca3a34') in 0.005094 seconds
  Import took 0.006768 seconds .

========================================================================
Received Import Request.
  Time since last request: 0.020284 seconds.
  path: Assets/Player.cs
  artifactKey: Guid(897d506342189b849a5f074796d8cd2e) Importer(815301076,1909f56bfc062723c751e8b465ee728b)
Start importing Assets/Player.cs using Guid(897d506342189b849a5f074796d8cd2e) Importer(815301076,1909f56bfc062723c751e8b465ee728b)  -> (artifact id: '04a312e157be33b2eab211c0dfca3a34') in 0.001573 seconds
  Import took 0.003042 seconds .

========================================================================
Received Import Request.
  Time since last request: 17.569590 seconds.
  path: Assets/Animations/Santa-Claus/Idle.anim
  artifactKey: Guid(9b8562450bfa67a47807f1f21bf1d81b) Importer(815301076,1909f56bfc062723c751e8b465ee728b)
Start importing Assets/Animations/Santa-Claus/Idle.anim using Guid(9b8562450bfa67a47807f1f21bf1d81b) Importer(815301076,1909f56bfc062723c751e8b465ee728b)  -> (artifact id: '8180ca1a8c843ee2da9f80399892b0ac') in 0.005747 seconds
  Import took 0.007210 seconds .

========================================================================
Received Import Request.
  Time since last request: 0.003783 seconds.
  path: Assets/Animations/Santa-Claus/Idle.anim
  artifactKey: Guid(9b8562450bfa67a47807f1f21bf1d81b) Importer(815301076,1909f56bfc062723c751e8b465ee728b)
Start importing Assets/Animations/Santa-Claus/Idle.anim using Guid(9b8562450bfa67a47807f1f21bf1d81b) Importer(815301076,1909f56bfc062723c751e8b465ee728b)  -> (artifact id: '8180ca1a8c843ee2da9f80399892b0ac') in 0.001879 seconds
  Import took 0.003189 seconds .

========================================================================
Received Import Request.
  Time since last request: 7.730467 seconds.
  path: Assets/Animations/Santa-Claus/Santa.controller
  artifactKey: Guid(badae0a573a843a45be0a48a7dd1e8aa) Importer(815301076,1909f56bfc062723c751e8b465ee728b)
Start importing Assets/Animations/Santa-Claus/Santa.controller using Guid(badae0a573a843a45be0a48a7dd1e8aa) Importer(815301076,1909f56bfc062723c751e8b465ee728b)  -> (artifact id: 'f066b34b7a329d3288f84e3b36fa54aa') in 0.007661 seconds
  Import took 0.009252 seconds .

========================================================================
Received Import Request.
  Time since last request: 0.816875 seconds.
  path: Assets/Animations/Santa-Claus/Jump8.anim
  artifactKey: Guid(ef9d08262fae60c4f9819ffd769dfd77) Importer(815301076,1909f56bfc062723c751e8b465ee728b)
Start importing Assets/Animations/Santa-Claus/Jump8.anim using Guid(ef9d08262fae60c4f9819ffd769dfd77) Importer(815301076,1909f56bfc062723c751e8b465ee728b)  -> (artifact id: '7eb157da49a9ab111bf0b5903eb9b1fd') in 0.002314 seconds
  Import took 0.003787 seconds .

========================================================================
Received Prepare
Registering precompiled user dll's ...
Registered in 0.000662 seconds.
Begin MonoManager ReloadAssembly
Native extension for WindowsStandalone target not found
Refreshing native plugins compatible for Editor in 0.19 ms, found 0 plugins.
Preloading 0 native plugins for Editor in 0.00 ms.
Invoked RoslynAnalysisRunner static constructor.
RoslynAnalysisRunner will not be running.
RoslynAnalysisRunner has terminated.
Mono: successfully reloaded assembly
- Completed reload, in  0.802 seconds
Platform modules already initialized, skipping
Refreshing native plugins compatible for Editor in 0.23 ms, found 0 plugins.
Preloading 0 native plugins for Editor in 0.00 ms.
Unloading 1098 Unused Serialized files (Serialized files now loaded: 0)
System memory in use before: 59.9 MB.
System memory in use after: 60.0 MB.

Unloading 4 unused Assets to reduce memory usage. Loaded Objects now: 1556.
Total: 1.654500 ms (FindLiveObjects: 0.132300 ms CreateObjectMapping: 0.039000 ms MarkObjects: 1.465500 ms  DeleteObjects: 0.016200 ms)

========================================================================
Received Prepare
Refreshing native plugins compatible for Editor in 0.68 ms, found 0 plugins.
Preloading 0 native plugins for Editor in 0.00 ms.
Unloading 2 Unused Serialized files (Serialized files now loaded: 0)
System memory in use before: 37.9 MB.
System memory in use after: 38.1 MB.

Unloading 2 unused Assets to reduce memory usage. Loaded Objects now: 1556.
Total: 1.543500 ms (FindLiveObjects: 0.176200 ms CreateObjectMapping: 0.047800 ms MarkObjects: 1.308500 ms  DeleteObjects: 0.009900 ms)

AssetImportWorkerClient::OnTransportError - code=2 error=End of file
