Using pre-set license
Built from '2020.2/staging' branch; Version is '2020.2.6f1 (8a2143876886) revision 9052483'; Using compiler version '192528614'; Build Type 'Release'
OS: 'Windows 10 Pro; OS build 19045.3324; Version 2009; 64bit' Language: 'en' Physical Memory: 32686 MB
BatchMode: 1, IsHumanControllingUs: 0, StartBugReporterOnCrash: 0, Is64bit: 1, IsPro: 0

 COMMAND LINE ARGUMENTS:
C:\Program Files\Unity\Hub\Editor\2020.2.6f1\Editor\Unity.exe
-adb2
-batchMode
-noUpm
-name
AssetImportWorker0
-projectPath
C:/Users/shaki/Desktop/Classes/Game Programming/Animation
-logFile
Logs/AssetImportWorker0.log
-srvPort
49603
Successfully changed project path to: C:/Users/shaki/Desktop/Classes/Game Programming/Animation
C:/Users/shaki/Desktop/Classes/Game Programming/Animation
Using Asset Import Pipeline V2.
Refreshing native plugins compatible for Editor in 19.41 ms, found 0 plugins.
Preloading 0 native plugins for Editor in 0.00 ms.
Initialize engine version: 2020.2.6f1 (8a2143876886)
[Subsystems] Discovering subsystems at path C:/Program Files/Unity/Hub/Editor/2020.2.6f1/Editor/Data/Resources/UnitySubsystems
[Subsystems] Discovering subsystems at path C:/Users/shaki/Desktop/Classes/Game Programming/Animation/Assets
GfxDevice: creating device client; threaded=0
Direct3D:
    Version:  Direct3D 11.0 [level 11.1]
    Renderer: NVIDIA GeForce RTX 2080 Ti (ID=0x1e07)
    Vendor:   
    VRAM:     11041 MB
    Driver:   31.0.15.3713
Initialize mono
Mono path[0] = 'C:/Program Files/Unity/Hub/Editor/2020.2.6f1/Editor/Data/Managed'
Mono path[1] = 'C:/Program Files/Unity/Hub/Editor/2020.2.6f1/Editor/Data/MonoBleedingEdge/lib/mono/unityjit'
Mono config path = 'C:/Program Files/Unity/Hub/Editor/2020.2.6f1/Editor/Data/MonoBleedingEdge/etc'
Using monoOptions --debugger-agent=transport=dt_socket,embedding=1,server=y,suspend=n,address=127.0.0.1:56604
Begin MonoManager ReloadAssembly
Registering precompiled unity dll's ...
Register platform support module: C:/Program Files/Unity/Hub/Editor/2020.2.6f1/Editor/Data/PlaybackEngines/WindowsStandaloneSupport/UnityEditor.WindowsStandalone.Extensions.dll
Registered in 0.002165 seconds.
Native extension for WindowsStandalone target not found
Refreshing native plugins compatible for Editor in 19.76 ms, found 0 plugins.
Preloading 0 native plugins for Editor in 0.00 ms.
Invoked RoslynAnalysisRunner static constructor.
RoslynAnalysisRunner will not be running.
RoslynAnalysisRunner has terminated.
Mono: successfully reloaded assembly
- Completed reload, in  0.943 seconds
Platform modules already initialized, skipping
Registering precompiled user dll's ...
Registered in 0.000656 seconds.
Begin MonoManager ReloadAssembly
Native extension for WindowsStandalone target not found
Refreshing native plugins compatible for Editor in 0.16 ms, found 0 plugins.
Preloading 0 native plugins for Editor in 0.00 ms.
Invoked RoslynAnalysisRunner static constructor.
RoslynAnalysisRunner will not be running.
RoslynAnalysisRunner has terminated.
Mono: successfully reloaded assembly
- Completed reload, in  0.724 seconds
Platform modules already initialized, skipping
========================================================================
Worker process is ready to serve import requests
Launched and connected shader compiler UnityShaderCompiler.exe after 0.04 seconds
Refreshing native plugins compatible for Editor in 0.19 ms, found 0 plugins.
Preloading 0 native plugins for Editor in 0.00 ms.
Unloading 1104 Unused Serialized files (Serialized files now loaded: 0)
System memory in use before: 56.7 MB.
System memory in use after: 56.8 MB.

Unloading 9 unused Assets to reduce memory usage. Loaded Objects now: 1544.
Total: 1.778700 ms (FindLiveObjects: 0.212400 ms CreateObjectMapping: 0.077800 ms MarkObjects: 1.433600 ms  DeleteObjects: 0.053400 ms)

========================================================================
Received Import Request.
  path: Assets/Coin.png
  artifactKey: Guid(3550ae28e4cf9044c889af9bdd9b644b) Importer(815301076,1909f56bfc062723c751e8b465ee728b)
Start importing Assets/Coin.png using Guid(3550ae28e4cf9044c889af9bdd9b644b) Importer(815301076,1909f56bfc062723c751e8b465ee728b)  -> (artifact id: 'eaa02b74f412a827dff8fdb2614e8083') in 0.128241 seconds
  Import took 0.129844 seconds .

========================================================================
Received Import Request.
  Time since last request: 0.000295 seconds.
  path: Assets/Wall.prefab
  artifactKey: Guid(277464b45e27a8b4b87363a53146a994) Importer(815301076,1909f56bfc062723c751e8b465ee728b)
Start importing Assets/Wall.prefab using Guid(277464b45e27a8b4b87363a53146a994) Importer(815301076,1909f56bfc062723c751e8b465ee728b)  -> (artifact id: 'b83d5809972a57db79d54fd5d0b340f8') in 0.030498 seconds
  Import took 0.032013 seconds .

========================================================================
Received Import Request.
  Time since last request: 0.000216 seconds.
  path: Assets/sfx-8bit-jump.wav
  artifactKey: Guid(f54057a883a561a4ca24ed71a9fc4d9b) Importer(815301076,1909f56bfc062723c751e8b465ee728b)
Start importing Assets/sfx-8bit-jump.wav using Guid(f54057a883a561a4ca24ed71a9fc4d9b) Importer(815301076,1909f56bfc062723c751e8b465ee728b)  -> (artifact id: 'ec739e579b8496082ba96ecdf83b6a63') in 0.015212 seconds
  Import took 0.016913 seconds .

========================================================================
Received Import Request.
  Time since last request: 0.000223 seconds.
  path: Assets/Wall.png
  artifactKey: Guid(943147bd20d46b24b91d6f4eb64fe032) Importer(815301076,1909f56bfc062723c751e8b465ee728b)
Start importing Assets/Wall.png using Guid(943147bd20d46b24b91d6f4eb64fe032) Importer(815301076,1909f56bfc062723c751e8b465ee728b)  -> (artifact id: 'a028758e349dd7389974792ce22b0fb0') in 0.007373 seconds
  Import took 0.009108 seconds .

========================================================================
Received Import Request.
  Time since last request: 0.000186 seconds.
  path: Assets/Fire-Particle.png
  artifactKey: Guid(f4b24d55ce6118347aa9333684ade439) Importer(815301076,1909f56bfc062723c751e8b465ee728b)
Start importing Assets/Fire-Particle.png using Guid(f4b24d55ce6118347aa9333684ade439) Importer(815301076,1909f56bfc062723c751e8b465ee728b)  -> (artifact id: '8b8b4a4776f732dba08a9fd97002ebe4') in 0.007303 seconds
  Import took 0.009199 seconds .

========================================================================
Received Import Request.
  Time since last request: 0.000240 seconds.
  path: Assets/ost-8bit.mp3
  artifactKey: Guid(2c67a0a3694a03843b7d1cb53822f383) Importer(815301076,1909f56bfc062723c751e8b465ee728b)
Start importing Assets/ost-8bit.mp3 using Guid(2c67a0a3694a03843b7d1cb53822f383) Importer(815301076,1909f56bfc062723c751e8b465ee728b)  -> (artifact id: '04aa2acf54c52df95340a28104856e0e') in 0.009967 seconds
  Import took 0.011539 seconds .

========================================================================
Received Prepare
Registering precompiled user dll's ...
Registered in 0.000691 seconds.
Begin MonoManager ReloadAssembly
Native extension for WindowsStandalone target not found
Refreshing native plugins compatible for Editor in 0.17 ms, found 0 plugins.
Preloading 0 native plugins for Editor in 0.00 ms.
Invoked RoslynAnalysisRunner static constructor.
RoslynAnalysisRunner will not be running.
RoslynAnalysisRunner has terminated.
Mono: successfully reloaded assembly
- Completed reload, in  0.646 seconds
Platform modules already initialized, skipping
Refreshing native plugins compatible for Editor in 0.16 ms, found 0 plugins.
Preloading 0 native plugins for Editor in 0.00 ms.
Unloading 1098 Unused Serialized files (Serialized files now loaded: 0)
System memory in use before: 59.6 MB.
System memory in use after: 59.7 MB.

Unloading 4 unused Assets to reduce memory usage. Loaded Objects now: 1562.
Total: 1.383000 ms (FindLiveObjects: 0.166700 ms CreateObjectMapping: 0.045000 ms MarkObjects: 1.158400 ms  DeleteObjects: 0.011800 ms)

AssetImportWorkerClient::OnTransportError - code=2 error=End of file
